-------------------------------------------------------------------------------
Test set: com.desaextremo.retodos.RetounoApplicationTests
-------------------------------------------------------------------------------
Tests run: 1, Failures: 0, Errors: 1, Skipped: 0, Time elapsed: 3.348 s <<< FAILURE! - in com.desaextremo.retodos.RetounoApplicationTests
contextLoads  Time elapsed: 0.014 s  <<< ERROR!
java.lang.IllegalStateException: Failed to load ApplicationContext for [WebMergedContextConfiguration@a316f6b testClass = com.desaextremo.retodos.RetounoApplicationTests, locations = [], classes = [com.desaextremo.retodos.RetodosApplication], contextInitializerClasses = [], activeProfiles = [], propertySourceLocations = [], propertySourceProperties = ["org.springframework.boot.test.context.SpringBootTestContextBootstrapper=true"], contextCustomizers = [org.springframework.boot.test.context.filter.ExcludeFilterContextCustomizer@1e1a0406, org.springframework.boot.test.json.DuplicateJsonObjectContextCustomizerFactory$DuplicateJsonObjectContextCustomizer@6253c26, org.springframework.boot.test.mock.mockito.MockitoContextCustomizer@0, org.springframework.boot.test.web.client.TestRestTemplateContextCustomizer@6bd61f98, org.springframework.boot.test.autoconfigure.actuate.observability.ObservabilityContextCustomizerFactory$DisableObservabilityContextCustomizer@9da1, org.springframework.boot.test.autoconfigure.properties.PropertyMappingContextCustomizer@0, org.springframework.boot.test.autoconfigure.web.servlet.WebDriverContextCustomizerFactory$Customizer@65c7a252, org.springframework.boot.test.context.SpringBootTestAnnotation@bccb9679], resourceBasePath = "src/main/webapp", contextLoader = org.springframework.boot.test.context.SpringBootContextLoader, parent = null]
Caused by: java.lang.IllegalStateException: Failed to execute CommandLineRunner
Caused by: org.springframework.data.mongodb.UncategorizedMongoDbException: Exception authenticating MongoCredential{mechanism=SCRAM-SHA-1, userName='adming4', source='dbg4', password=<hidden>, mechanismProperties=<hidden>}
Caused by: com.mongodb.MongoSecurityException: Exception authenticating MongoCredential{mechanism=SCRAM-SHA-1, userName='adming4', source='dbg4', password=<hidden>, mechanismProperties=<hidden>}
Caused by: com.mongodb.MongoCommandException: Command failed with error 18 (AuthenticationFailed): 'Authentication failed.' on server localhost:27017. The full response is {"ok": 0.0, "errmsg": "Authentication failed.", "code": 18, "codeName": "AuthenticationFailed"}

